e:\algorithm\qtdataprocessing\qtlayerout\qtlayerout\qtlayerout\x64\debug\loadimg.obj
e:\algorithm\qtdataprocessing\qtlayerout\qtlayerout\qtlayerout\x64\debug\moc_qtlayerout.obj
e:\algorithm\qtdataprocessing\qtlayerout\qtlayerout\qtlayerout\x64\debug\qtlayerout.obj
e:\algorithm\qtdataprocessing\qtlayerout\qtlayerout\qtlayerout\x64\debug\main.obj
e:\algorithm\qtdataprocessing\qtlayerout\qtlayerout\qtlayerout\x64\debug\moc_loadimg.obj
e:\algorithm\qtdataprocessing\qtlayerout\qtlayerout\qtlayerout\x64\debug\qrc_qtlayerout.obj
e:\algorithm\qtdataprocessing\qtlayerout\qtlayerout\qtlayerout\x64\debug\vc141.pdb
e:\algorithm\qtdataprocessing\qtlayerout\qtlayerout\x64\debug\qtlayerout.ilk
e:\algorithm\qtdataprocessing\qtlayerout\qtlayerout\x64\debug\qtlayerout.exe
e:\algorithm\qtdataprocessing\qtlayerout\qtlayerout\x64\debug\qtlayerout.pdb
e:\algorithm\qtdataprocessing\qtlayerout\qtlayerout\qtlayerout\.\generatedfiles\debug\moc_qtlayerout.cpp
e:\algorithm\qtdataprocessing\qtlayerout\qtlayerout\qtlayerout\.\generatedfiles\debug\moc_loadimg.cpp
e:\algorithm\qtdataprocessing\qtlayerout\qtlayerout\qtlayerout\generatedfiles\ui_loadimgwin.h
e:\algorithm\qtdataprocessing\qtlayerout\qtlayerout\qtlayerout\generatedfiles\ui_qtlayerout.h
e:\algorithm\qtdataprocessing\qtlayerout\qtlayerout\qtlayerout\generatedfiles\qrc_qtlayerout.cpp
e:\algorithm\qtdataprocessing\qtlayerout\qtlayerout\qtlayerout\generatedfiles\debug\moc_qtlayerout.cpp
e:\algorithm\qtdataprocessing\qtlayerout\qtlayerout\qtlayerout\generatedfiles\debug\moc_loadimg.cpp
e:\algorithm\qtdataprocessing\qtlayerout\qtlayerout\x64\debug\qtlayerout.lib
e:\algorithm\qtdataprocessing\qtlayerout\qtlayerout\x64\debug\qtlayerout.exp
e:\algorithm\qtdataprocessing\qtlayerout\qtlayerout\qtlayerout\.\generatedfiles\qrc_qtlayerout.cpp
e:\algorithm\qtdataprocessing\qtlayerout\qtlayerout\qtlayerout\.\generatedfiles\ui_loadimgwin.h
e:\algorithm\qtdataprocessing\qtlayerout\qtlayerout\qtlayerout\.\generatedfiles\ui_qtlayerout.h
e:\algorithm\qtdataprocessing\qtlayerout\qtlayerout\qtlayerout\x64\debug\qtlayerout.tlog\cl.14684.write.1.tlog
e:\algorithm\qtdataprocessing\qtlayerout\qtlayerout\qtlayerout\x64\debug\qtlayerout.tlog\cl.command.1.tlog
e:\algorithm\qtdataprocessing\qtlayerout\qtlayerout\qtlayerout\x64\debug\qtlayerout.tlog\cl.read.1.tlog
e:\algorithm\qtdataprocessing\qtlayerout\qtlayerout\qtlayerout\x64\debug\qtlayerout.tlog\link.command.1.tlog
e:\algorithm\qtdataprocessing\qtlayerout\qtlayerout\qtlayerout\x64\debug\qtlayerout.tlog\link.read.1.tlog
e:\algorithm\qtdataprocessing\qtlayerout\qtlayerout\qtlayerout\x64\debug\qtlayerout.tlog\link.write.1.tlog
e:\algorithm\qtdataprocessing\qtlayerout\qtlayerout\qtlayerout\x64\debug\qtlayerout.tlog\moc.read.1u.tlog
e:\algorithm\qtdataprocessing\qtlayerout\qtlayerout\qtlayerout\x64\debug\qtlayerout.tlog\moc.write.1u.tlog
e:\algorithm\qtdataprocessing\qtlayerout\qtlayerout\qtlayerout\x64\debug\qtlayerout.tlog\qtlayerout.write.1u.tlog
e:\algorithm\qtdataprocessing\qtlayerout\qtlayerout\qtlayerout\x64\debug\qtlayerout.tlog\rcc.read.1u.tlog
e:\algorithm\qtdataprocessing\qtlayerout\qtlayerout\qtlayerout\x64\debug\qtlayerout.tlog\rcc.write.1u.tlog
e:\algorithm\qtdataprocessing\qtlayerout\qtlayerout\qtlayerout\x64\debug\qtlayerout.tlog\uic.read.1u.tlog
e:\algorithm\qtdataprocessing\qtlayerout\qtlayerout\qtlayerout\x64\debug\qtlayerout.tlog\uic.write.1u.tlog
