e:\algorithm\qtdataprocessing\qtlayerout\qtlayerout\x64\release\loadimg.obj
e:\algorithm\qtdataprocessing\qtlayerout\qtlayerout\x64\release\moc_qtlayerout.obj
e:\algorithm\qtdataprocessing\qtlayerout\qtlayerout\x64\release\qtlayerout.obj
e:\algorithm\qtdataprocessing\qtlayerout\qtlayerout\x64\release\main.obj
e:\algorithm\qtdataprocessing\qtlayerout\qtlayerout\x64\release\qrc_qtlayerout.obj
e:\algorithm\qtdataprocessing\qtlayerout\qtlayerout\x64\release\moc_loadimg.obj
e:\algorithm\qtdataprocessing\qtlayerout\x64\release\qtlayerout.exe
e:\algorithm\qtdataprocessing\qtlayerout\x64\release\qtlayerout.ilk
e:\algorithm\qtdataprocessing\qtlayerout\x64\release\qtlayerout.pdb
e:\algorithm\qtdataprocessing\qtlayerout\qtlayerout\.\generatedfiles\release\moc_qtlayerout.cpp
e:\algorithm\qtdataprocessing\qtlayerout\qtlayerout\.\generatedfiles\release\moc_loadimg.cpp
e:\algorithm\qtdataprocessing\qtlayerout\qtlayerout\generatedfiles\ui_loadimgwin.h
e:\algorithm\qtdataprocessing\qtlayerout\qtlayerout\generatedfiles\ui_qtlayerout.h
e:\algorithm\qtdataprocessing\qtlayerout\qtlayerout\generatedfiles\qrc_qtlayerout.cpp
e:\algorithm\qtdataprocessing\qtlayerout\qtlayerout\generatedfiles\release\moc_qtlayerout.cpp
e:\algorithm\qtdataprocessing\qtlayerout\qtlayerout\generatedfiles\release\moc_loadimg.cpp
e:\algorithm\qtdataprocessing\qtlayerout\x64\release\qtlayerout.lib
e:\algorithm\qtdataprocessing\qtlayerout\x64\release\qtlayerout.exp
e:\algorithm\qtdataprocessing\qtlayerout\qtlayerout\.\generatedfiles\qrc_qtlayerout.cpp
e:\algorithm\qtdataprocessing\qtlayerout\qtlayerout\.\generatedfiles\ui_loadimgwin.h
e:\algorithm\qtdataprocessing\qtlayerout\qtlayerout\.\generatedfiles\ui_qtlayerout.h
e:\algorithm\qtdataprocessing\qtlayerout\qtlayerout\x64\release\qtlayerout.tlog\cl.command.1.tlog
e:\algorithm\qtdataprocessing\qtlayerout\qtlayerout\x64\release\qtlayerout.tlog\cl.read.1.tlog
e:\algorithm\qtdataprocessing\qtlayerout\qtlayerout\x64\release\qtlayerout.tlog\cl.write.1.tlog
e:\algorithm\qtdataprocessing\qtlayerout\qtlayerout\x64\release\qtlayerout.tlog\link.command.1.tlog
e:\algorithm\qtdataprocessing\qtlayerout\qtlayerout\x64\release\qtlayerout.tlog\link.read.1.tlog
e:\algorithm\qtdataprocessing\qtlayerout\qtlayerout\x64\release\qtlayerout.tlog\link.write.1.tlog
e:\algorithm\qtdataprocessing\qtlayerout\qtlayerout\x64\release\qtlayerout.tlog\moc.read.1u.tlog
e:\algorithm\qtdataprocessing\qtlayerout\qtlayerout\x64\release\qtlayerout.tlog\moc.write.1u.tlog
e:\algorithm\qtdataprocessing\qtlayerout\qtlayerout\x64\release\qtlayerout.tlog\qtlayerout.write.1u.tlog
e:\algorithm\qtdataprocessing\qtlayerout\qtlayerout\x64\release\qtlayerout.tlog\rcc.read.1u.tlog
e:\algorithm\qtdataprocessing\qtlayerout\qtlayerout\x64\release\qtlayerout.tlog\rcc.write.1u.tlog
e:\algorithm\qtdataprocessing\qtlayerout\qtlayerout\x64\release\qtlayerout.tlog\uic.read.1u.tlog
e:\algorithm\qtdataprocessing\qtlayerout\qtlayerout\x64\release\qtlayerout.tlog\uic.write.1u.tlog
